<?xml version="1.0" encoding="UTF-8"?>
<testsuite name="DefaultTest" tests="1" skipped="0" failures="0" errors="0" timestamp="2016-07-14T16:26:02" hostname="pc" time="1.719">
  <properties/>
  <testcase name="testSomething" classname="DefaultTest" time="1.719"/>
  <system-out><![CDATA[]]></system-out>
  <system-err><![CDATA[]]></system-err>
</testsuite>
